<?xml version="1.0" encoding="UTF-8"?>
<testng-results skipped="0" failed="0" total="1" passed="1">
  <reporter-output>
  </reporter-output>
  <suite name="Suite" duration-ms="183506" started-at="2019-07-04T16:15:53Z" finished-at="2019-07-04T16:18:56Z">
    <groups>
    </groups>
    <test name="Test" duration-ms="183506" started-at="2019-07-04T16:15:53Z" finished-at="2019-07-04T16:18:56Z">
      <class name="testCases.VerifyHomePage">
        <test-method status="PASS" signature="setUp()[pri:0, instance:testCases.VerifyHomePage@2096442d]" name="setUp" duration-ms="183478" started-at="2019-07-04T11:15:53Z" finished-at="2019-07-04T11:18:56Z">
          <reporter-output>
          </reporter-output>
        </test-method> <!-- setUp -->
      </class> <!-- testCases.VerifyHomePage -->
    </test> <!-- Test -->
  </suite> <!-- Suite -->
</testng-results>
